<?xml version="1.0" encoding="UTF-8"?>
<testng-results skipped="0" failed="0" ignored="0" total="12" passed="12">
  <reporter-output>
  </reporter-output>
  <suite name="Surefire suite" duration-ms="1321" started-at="2022-05-04T06:23:44 EET" finished-at="2022-05-04T06:23:45 EET">
    <groups>
      <group name="cucumber">
        <method signature="AbstractTestNGCucumberTests.runScenario(io.cucumber.testng.PickleWrapper,io.cucumber.testng.FeatureWrapper)[pri:0, instance:Runner.TestRunner@46daef40]" name="runScenario" class="io.cucumber.testng.AbstractTestNGCucumberTests"/>
      </group> <!-- cucumber -->
    </groups>
    <test name="Surefire test" duration-ms="1321" started-at="2022-05-04T06:23:44 EET" finished-at="2022-05-04T06:23:45 EET">
      <class name="Runner.TestRunner">
        <test-method status="PASS" signature="setUpClass(org.testng.ITestContext)[pri:0, instance:Runner.TestRunner@46daef40]" name="setUpClass" is-config="true" duration-ms="620" started-at="2022-05-04T06:23:44 EET" finished-at="2022-05-04T06:23:44 EET">
          <params>
            <param index="0">
              <value>
                <![CDATA[org.testng.TestRunner@36328d33]]>
              </value>
            </param>
          </params>
          <reporter-output>
          </reporter-output>
        </test-method> <!-- setUpClass -->
        <test-method status="PASS" signature="runScenario(io.cucumber.testng.PickleWrapper,io.cucumber.testng.FeatureWrapper)[pri:0, instance:Runner.TestRunner@46daef40]" name="runScenario" duration-ms="154" started-at="2022-05-04T06:23:44 EET" description="Runs Cucumber Scenarios" data-provider="scenarios" finished-at="2022-05-04T06:23:44 EET">
          <params>
            <param index="0">
              <value>
                <![CDATA["User could register with valid data"]]>
              </value>
            </param>
            <param index="1">
              <value>
                <![CDATA["Optional[Registration | New user should be able to sign up with new account]"]]>
              </value>
            </param>
          </params>
          <reporter-output>
          </reporter-output>
        </test-method> <!-- runScenario -->
        <test-method status="PASS" signature="runScenario(io.cucumber.testng.PickleWrapper,io.cucumber.testng.FeatureWrapper)[pri:0, instance:Runner.TestRunner@46daef40]" name="runScenario" duration-ms="20" started-at="2022-05-04T06:23:44 EET" description="Runs Cucumber Scenarios" data-provider="scenarios" finished-at="2022-05-04T06:23:44 EET">
          <params>
            <param index="0">
              <value>
                <![CDATA["User could log in with valid email and password"]]>
              </value>
            </param>
            <param index="1">
              <value>
                <![CDATA["Optional[F02_Login | User could use login functionality to open his account]"]]>
              </value>
            </param>
          </params>
          <reporter-output>
          </reporter-output>
        </test-method> <!-- runScenario -->
        <test-method status="PASS" signature="runScenario(io.cucumber.testng.PickleWrapper,io.cucumber.testng.FeatureWrapper)[pri:0, instance:Runner.TestRunner@46daef40]" name="runScenario" duration-ms="32" started-at="2022-05-04T06:23:44 EET" description="Runs Cucumber Scenarios" data-provider="scenarios" finished-at="2022-05-04T06:23:44 EET">
          <params>
            <param index="0">
              <value>
                <![CDATA["user reset his password successfully"]]>
              </value>
            </param>
            <param index="1">
              <value>
                <![CDATA["Optional[F03_ResetPassword | User could reset his password]"]]>
              </value>
            </param>
          </params>
          <reporter-output>
          </reporter-output>
        </test-method> <!-- runScenario -->
        <test-method status="PASS" signature="runScenario(io.cucumber.testng.PickleWrapper,io.cucumber.testng.FeatureWrapper)[pri:0, instance:Runner.TestRunner@46daef40]" name="runScenario" duration-ms="17" started-at="2022-05-04T06:23:44 EET" description="Runs Cucumber Scenarios" data-provider="scenarios" finished-at="2022-05-04T06:23:44 EET">
          <params>
            <param index="0">
              <value>
                <![CDATA["Logged user could search by product name"]]>
              </value>
            </param>
            <param index="1">
              <value>
                <![CDATA["Optional[F04_Search | Logged user could search for any product on the website]"]]>
              </value>
            </param>
          </params>
          <reporter-output>
          </reporter-output>
        </test-method> <!-- runScenario -->
        <test-method status="PASS" signature="runScenario(io.cucumber.testng.PickleWrapper,io.cucumber.testng.FeatureWrapper)[pri:0, instance:Runner.TestRunner@46daef40]" name="runScenario" duration-ms="13" started-at="2022-05-04T06:23:44 EET" description="Runs Cucumber Scenarios" data-provider="scenarios" finished-at="2022-05-04T06:23:45 EET">
          <params>
            <param index="0">
              <value>
                <![CDATA["Logged user could switch currency"]]>
              </value>
            </param>
            <param index="1">
              <value>
                <![CDATA["Optional[F05_SwitchCurrency | Logged user could switch between currencies]"]]>
              </value>
            </param>
          </params>
          <reporter-output>
          </reporter-output>
        </test-method> <!-- runScenario -->
        <test-method status="PASS" signature="runScenario(io.cucumber.testng.PickleWrapper,io.cucumber.testng.FeatureWrapper)[pri:0, instance:Runner.TestRunner@46daef40]" name="runScenario" duration-ms="16" started-at="2022-05-04T06:23:45 EET" description="Runs Cucumber Scenarios" data-provider="scenarios" finished-at="2022-05-04T06:23:45 EET">
          <params>
            <param index="0">
              <value>
                <![CDATA["Logged user could select random category then hover and open sub-Category"]]>
              </value>
            </param>
            <param index="1">
              <value>
                <![CDATA["Optional[F06_Categories | Logged user could select different Categories]"]]>
              </value>
            </param>
          </params>
          <reporter-output>
          </reporter-output>
        </test-method> <!-- runScenario -->
        <test-method status="PASS" signature="runScenario(io.cucumber.testng.PickleWrapper,io.cucumber.testng.FeatureWrapper)[pri:0, instance:Runner.TestRunner@46daef40]" name="runScenario" duration-ms="12" started-at="2022-05-04T06:23:45 EET" description="Runs Cucumber Scenarios" data-provider="scenarios" finished-at="2022-05-04T06:23:45 EET">
          <params>
            <param index="0">
              <value>
                <![CDATA["Logged user could filter product with color"]]>
              </value>
            </param>
            <param index="1">
              <value>
                <![CDATA["Optional[F07_FilterColor | Logged user could filter with color]"]]>
              </value>
            </param>
          </params>
          <reporter-output>
          </reporter-output>
        </test-method> <!-- runScenario -->
        <test-method status="PASS" signature="runScenario(io.cucumber.testng.PickleWrapper,io.cucumber.testng.FeatureWrapper)[pri:0, instance:Runner.TestRunner@46daef40]" name="runScenario" duration-ms="16" started-at="2022-05-04T06:23:45 EET" description="Runs Cucumber Scenarios" data-provider="scenarios" finished-at="2022-05-04T06:23:45 EET">
          <params>
            <param index="0">
              <value>
                <![CDATA["Logged user could select different tags"]]>
              </value>
            </param>
            <param index="1">
              <value>
                <![CDATA["Optional[F08_SelectTags | Logged user could select different tags]"]]>
              </value>
            </param>
          </params>
          <reporter-output>
          </reporter-output>
        </test-method> <!-- runScenario -->
        <test-method status="PASS" signature="runScenario(io.cucumber.testng.PickleWrapper,io.cucumber.testng.FeatureWrapper)[pri:0, instance:Runner.TestRunner@46daef40]" name="runScenario" duration-ms="17" started-at="2022-05-04T06:23:45 EET" description="Runs Cucumber Scenarios" data-provider="scenarios" finished-at="2022-05-04T06:23:45 EET">
          <params>
            <param index="0">
              <value>
                <![CDATA["Logged user could add different products to Compare list"]]>
              </value>
            </param>
            <param index="1">
              <value>
                <![CDATA["Optional[F09_CompareList | Logged user could add different products to Compare list]"]]>
              </value>
            </param>
          </params>
          <reporter-output>
          </reporter-output>
        </test-method> <!-- runScenario -->
        <test-method status="PASS" signature="runScenario(io.cucumber.testng.PickleWrapper,io.cucumber.testng.FeatureWrapper)[pri:0, instance:Runner.TestRunner@46daef40]" name="runScenario" duration-ms="23" started-at="2022-05-04T06:23:45 EET" description="Runs Cucumber Scenarios" data-provider="scenarios" finished-at="2022-05-04T06:23:45 EET">
          <params>
            <param index="0">
              <value>
                <![CDATA["Logged user could add different products to Wishlist"]]>
              </value>
            </param>
            <param index="1">
              <value>
                <![CDATA["Optional[F10_Wishlist | Logged user could add different products to Wishlist]"]]>
              </value>
            </param>
          </params>
          <reporter-output>
          </reporter-output>
        </test-method> <!-- runScenario -->
        <test-method status="PASS" signature="runScenario(io.cucumber.testng.PickleWrapper,io.cucumber.testng.FeatureWrapper)[pri:0, instance:Runner.TestRunner@46daef40]" name="runScenario" duration-ms="10" started-at="2022-05-04T06:23:45 EET" description="Runs Cucumber Scenarios" data-provider="scenarios" finished-at="2022-05-04T06:23:45 EET">
          <params>
            <param index="0">
              <value>
                <![CDATA["Logged user could add different products to Shopping Cart"]]>
              </value>
            </param>
            <param index="1">
              <value>
                <![CDATA["Optional[F11_ShoppingCart | Logged user could add different products to Shopping Cart]"]]>
              </value>
            </param>
          </params>
          <reporter-output>
          </reporter-output>
        </test-method> <!-- runScenario -->
        <test-method status="PASS" signature="runScenario(io.cucumber.testng.PickleWrapper,io.cucumber.testng.FeatureWrapper)[pri:0, instance:Runner.TestRunner@46daef40]" name="runScenario" duration-ms="47" started-at="2022-05-04T06:23:45 EET" description="Runs Cucumber Scenarios" data-provider="scenarios" finished-at="2022-05-04T06:23:45 EET">
          <params>
            <param index="0">
              <value>
                <![CDATA["Logged user could Create Successful Order"]]>
              </value>
            </param>
            <param index="1">
              <value>
                <![CDATA["Optional[F12_OrderCheckout | Logged user could Create Successful Order]"]]>
              </value>
            </param>
          </params>
          <reporter-output>
          </reporter-output>
        </test-method> <!-- runScenario -->
        <test-method status="PASS" signature="tearDownClass()[pri:0, instance:Runner.TestRunner@46daef40]" name="tearDownClass" is-config="true" duration-ms="280" started-at="2022-05-04T06:23:45 EET" finished-at="2022-05-04T06:23:45 EET">
          <reporter-output>
          </reporter-output>
        </test-method> <!-- tearDownClass -->
      </class> <!-- Runner.TestRunner -->
    </test> <!-- Surefire test -->
  </suite> <!-- Surefire suite -->
</testng-results>
